<?xml version="1.0" encoding="UTF-8"?>
<!-- Generated by org.testng.reporters.JUnitXMLReporter -->
<testsuite ignored="0" hostname="LAPTOP-98VM7U93" failures="0" tests="6" name="test2" time="25.161" errors="0" timestamp="2023-08-28T22:21:45 IST">
  <testcase classname="demo.class1" name="m1" time="11.244"/>
  <testcase classname="demo.facebook" name="login" time="3.989"/>
  <testcase classname="demo.facebook" name="m1" time="9.907"/>
  <testcase classname="demo.facebook" name="m2" time="0.0"/>
  <testcase classname="demo.facebook" name="m3" time="0.0"/>
  <testcase classname="demo.class1" name="m0" time="0.0"/>
</testsuite> <!-- test2 -->
